{
  "RSpec": {
    "coverage": {
      "/Users/drewproebstel/turing/1module/night_writer/lib/night_reader.rb": {
        "lines": [
          1,
          1,
          1,
          1,
          1,
          1,
          1,
          8,
          8,
          null,
          null,
          1,
          2,
          2,
          2,
          2,
          null,
          null,
          1,
          8,
          8,
          8,
          8,
          8,
          null,
          null,
          1,
          1,
          1,
          null,
          null,
          null,
          1,
          0,
          0,
          0,
          0,
          0,
          0,
          null
        ]
      },
      "/Users/drewproebstel/turing/1module/night_writer/lib/night_reader_translator.rb": {
        "lines": [
          1,
          1,
          1,
          null,
          1,
          1,
          1,
          8,
          8,
          8,
          8,
          8,
          8,
          null,
          null,
          1,
          500,
          null,
          null,
          1,
          5,
          5,
          5,
          166,
          166,
          166,
          166,
          166,
          166,
          null,
          5,
          null,
          null,
          null,
          1,
          159,
          3,
          null,
          null,
          null,
          null,
          null
        ]
      },
      "/Users/drewproebstel/turing/1module/night_writer/lib/night_writer.rb": {
        "lines": [
          1,
          1,
          1,
          1,
          1,
          1,
          5,
          5,
          null,
          null,
          1,
          5,
          5,
          5,
          5,
          null,
          null,
          1,
          1,
          1,
          null,
          null,
          1,
          1,
          1,
          1,
          1,
          null,
          null,
          null,
          1,
          0,
          0,
          0,
          0,
          0,
          0,
          0,
          null
        ]
      },
      "/Users/drewproebstel/turing/1module/night_writer/lib/translator.rb": {
        "lines": [
          1,
          1,
          1,
          null,
          1,
          1,
          1,
          5,
          5,
          5,
          5,
          5,
          null,
          null,
          1,
          3,
          12,
          12,
          12,
          null,
          null,
          null,
          1,
          3,
          3,
          3,
          3,
          3,
          3,
          3,
          3,
          null,
          3,
          null,
          null,
          null
        ]
      },
      "/Users/drewproebstel/turing/1module/night_writer/lib/alphabet.rb": {
        "lines": [
          1,
          1,
          1,
          1,
          5,
          null,
          null
        ]
      },
      "/Users/drewproebstel/turing/1module/night_writer/lib/night_reader_alphabet.rb": {
        "lines": [
          1,
          1,
          1,
          1,
          8,
          null,
          null
        ]
      },
      "/Users/drewproebstel/turing/1module/night_writer/spec/night_reader_translator_spec.rb": {
        "lines": [
          1,
          1,
          1,
          1,
          1,
          null,
          null,
          1,
          1,
          1,
          1,
          1,
          1,
          1,
          null,
          null,
          1,
          1,
          1,
          1,
          1,
          1,
          null,
          null,
          1,
          1,
          1,
          1,
          1,
          1,
          null,
          null
        ]
      },
      "/Users/drewproebstel/turing/1module/night_writer/spec/nightwriter_spec.rb": {
        "lines": [
          1,
          1,
          1,
          1,
          1,
          1,
          1,
          1,
          null,
          1,
          1,
          1,
          1,
          1,
          null,
          null,
          1,
          1,
          1,
          1,
          1,
          1,
          1,
          1,
          1,
          null,
          null,
          1,
          1,
          1,
          1,
          1,
          1,
          1,
          null,
          null,
          1,
          1,
          1,
          1,
          1,
          1,
          1,
          1,
          null,
          null,
          1,
          1,
          1,
          1,
          1,
          1,
          null,
          null
        ]
      }
    },
    "timestamp": 1646786616
  }
}
