{
  "RSpec": {
    "coverage": {
      "/Users/drewproebstel/turing/1module/night_writer/lib/night_reader.rb": {
        "lines": [
          1,
          1,
          1,
          1,
          1,
          1,
          1,
          3,
          3,
          null,
          null,
          1,
          0,
          0,
          0,
          0,
          null,
          null,
          1,
          3,
          3,
          3,
          3,
          null,
          null,
          1,
          0,
          0,
          null,
          null,
          null,
          1,
          0,
          0,
          0,
          0,
          0,
          0,
          null
        ]
      },
      "/Users/drewproebstel/turing/1module/night_writer/lib/night_reader_translator.rb": {
        "lines": [
          1,
          1,
          1,
          null,
          1,
          1,
          1,
          3,
          3,
          3,
          3,
          3,
          3,
          null,
          null,
          1,
          175,
          null,
          null,
          1,
          2,
          2,
          2,
          58,
          58,
          58,
          58,
          58,
          58,
          null,
          2,
          null,
          null,
          null,
          1,
          54,
          1,
          null,
          null,
          null,
          null,
          null
        ]
      },
      "/Users/drewproebstel/turing/1module/night_writer/lib/night_writer.rb": {
        "lines": [
          1,
          1,
          1,
          1,
          1,
          1,
          2,
          2,
          null,
          null,
          1,
          2,
          2,
          2,
          2,
          null,
          null,
          1,
          0,
          null,
          null,
          null,
          null,
          null,
          null,
          null,
          null,
          null,
          null,
          null,
          null,
          null,
          null,
          null,
          null,
          null,
          1,
          0,
          0,
          0,
          0,
          null,
          null,
          null,
          1,
          0,
          0,
          0,
          0,
          0,
          0,
          null,
          0,
          null
        ]
      },
      "/Users/drewproebstel/turing/1module/night_writer/lib/translator.rb": {
        "lines": [
          1,
          1,
          1,
          null,
          1,
          1,
          1,
          2,
          2,
          2,
          2,
          2,
          null,
          null,
          1,
          1,
          4,
          4,
          4,
          null,
          null,
          null,
          1,
          0,
          0,
          0,
          0,
          0,
          0,
          0,
          0,
          0,
          0,
          0,
          null,
          0,
          0,
          null,
          null,
          null
        ]
      },
      "/Users/drewproebstel/turing/1module/night_writer/lib/alphabet.rb": {
        "lines": [
          1,
          1,
          1,
          1,
          2,
          null,
          null
        ]
      },
      "/Users/drewproebstel/turing/1module/night_writer/lib/night_reader_alphabet.rb": {
        "lines": [
          1,
          1,
          1,
          1,
          3,
          null,
          null
        ]
      },
      "/Users/drewproebstel/turing/1module/night_writer/spec/translator_spec.rb": {
        "lines": [
          1,
          1,
          1,
          1,
          1,
          1,
          1,
          1,
          null,
          1,
          1,
          1,
          1,
          1,
          null,
          null,
          1,
          1,
          1,
          1,
          1,
          1,
          1,
          1,
          1,
          null,
          null
        ]
      }
    },
    "timestamp": 1646777483
  }
}
